{"timestamp":"2026-04-06T22:00:01.822956Z","level":"info","event":"Stats instance was created in PID 1598 but accessed in PID 26965. Re-initializing.","logger":"airflow.stats","filename":"stats.py","lineno":57}
{"timestamp":"2026-04-06T22:00:01.827425Z","level":"warning","event":"Could not import pandas. Holidays will not be considered.","logger":"airflow.example_dags.plugins.workday","filename":"workday.py","lineno":41}
{"timestamp":"2026-04-06T22:00:01.856807Z","level":"info","event":"DAG bundles loaded: dags-folder, example_dags","logger":"airflow.dag_processing.bundles.manager.DagBundlesManager","filename":"manager.py","lineno":179}
{"timestamp":"2026-04-06T22:00:01.857738Z","level":"info","event":"Filling up the DagBag from /Users/jeffboerger/Dev/theme-park-pipeline/airflow/dags/theme_park_dag.py","logger":"airflow.models.dagbag.BundleDagBag","filename":"dagbag.py","lineno":593}
{"timestamp":"2026-04-06T22:00:02.544717Z","level":"info","event":"Task instance is in running state","logger":"task.stdout"}
{"timestamp":"2026-04-06T22:00:02.544848Z","level":"info","event":" Previous state of the Task instance: TaskInstanceState.QUEUED","logger":"task.stdout"}
{"timestamp":"2026-04-06T22:00:02.545317Z","level":"info","event":"Current task name:ingest_wait_times","logger":"task.stdout"}
{"timestamp":"2026-04-06T22:00:02.545405Z","level":"info","event":"Dag name:theme_park_wait_times","logger":"task.stdout"}
{"timestamp":"2026-04-06T22:00:02.547168Z","level":"info","event":"Pulling Magic Kingdom...","logger":"task.stdout"}
{"timestamp":"2026-04-06T22:00:03.047974Z","level":"info","event":"Pulling EPCOT...","logger":"task.stdout"}
{"timestamp":"2026-04-06T22:00:03.560478Z","level":"info","event":"Pulling Hollywood Studios...","logger":"task.stdout"}
{"timestamp":"2026-04-06T22:00:04.002336Z","level":"info","event":"Pulling Animal Kingdom...","logger":"task.stdout"}
{"timestamp":"2026-04-06T22:00:04.198065Z","level":"info","event":"Snowflake Connector for Python Version: 4.4.0, Python Version: 3.11.15, Platform: macOS-26.4-x86_64-i386-64bit","logger":"snowflake.connector.connection","filename":"connection.py","lineno":620}
{"timestamp":"2026-04-06T22:00:04.198592Z","level":"info","event":"Connecting to GLOBAL Snowflake domain","logger":"snowflake.connector.connection","filename":"connection.py","lineno":1716}
{"timestamp":"2026-04-06T22:00:11.149491Z","level":"info","event":"Inserted 94 wait time rows","logger":"task.stdout"}
{"timestamp":"2026-04-06T22:00:11.149947Z","level":"info","event":"Inserted 639 forecast rows","logger":"task.stdout"}
{"timestamp":"2026-04-06T22:00:11.314336Z","level":"info","event":"Done. Returned value was: None","logger":"airflow.task.operators.airflow.providers.standard.operators.python.PythonOperator","filename":"python.py","lineno":229}
{"timestamp":"2026-04-06T22:00:11.334438Z","level":"info","event":"Task instance in success state","logger":"task.stdout"}
{"timestamp":"2026-04-06T22:00:11.334614Z","level":"info","event":" Previous state of the Task instance: TaskInstanceState.RUNNING","logger":"task.stdout"}
{"timestamp":"2026-04-06T22:00:11.335354Z","level":"info","event":"Task operator:<Task(PythonOperator): ingest_wait_times>","logger":"task.stdout"}
