{"timestamp":"2026-04-14T18:03:21.110365Z","level":"info","event":"Stats instance was created in PID 13995 but accessed in PID 14035. Re-initializing.","logger":"airflow.stats","filename":"stats.py","lineno":57}
{"timestamp":"2026-04-14T18:03:21.879403Z","level":"info","event":"DAG bundles loaded: dags-folder, example_dags","logger":"airflow.dag_processing.bundles.manager.DagBundlesManager","filename":"manager.py","lineno":179}
{"timestamp":"2026-04-14T18:03:21.879855Z","level":"info","event":"Filling up the DagBag from /Users/jeffboerger/Dev/theme-park-pipeline/airflow/dags/theme_park_dag.py","logger":"airflow.models.dagbag.BundleDagBag","filename":"dagbag.py","lineno":593}
{"timestamp":"2026-04-14T18:03:21.885647Z","level":"info","event":"DAG_DIR: /Users/jeffboerger/Dev/theme-park-pipeline/airflow/dags","logger":"task.stdout"}
{"timestamp":"2026-04-14T18:03:21.885784Z","level":"info","event":"PROJECT_HOME: /Users/jeffboerger/Dev/theme-park-pipeline","logger":"task.stdout"}
{"timestamp":"2026-04-14T18:03:22.335474Z","level":"info","event":"Task instance is in running state","logger":"task.stdout"}
{"timestamp":"2026-04-14T18:03:22.335594Z","level":"info","event":" Previous state of the Task instance: TaskInstanceState.QUEUED","logger":"task.stdout"}
{"timestamp":"2026-04-14T18:03:22.336162Z","level":"info","event":"Current task name:run_dbt_models","logger":"task.stdout"}
{"timestamp":"2026-04-14T18:03:22.336251Z","level":"info","event":"Dag name:theme_park_wait_times","logger":"task.stdout"}
{"timestamp":"2026-04-14T18:03:22.337372Z","level":"info","event":"Tmp dir root location: /var/folders/m7/b13p58vs57vf6839n01bl3800000gn/T","logger":"airflow.task.hooks.airflow.providers.standard.hooks.subprocess.SubprocessHook","filename":"subprocess.py","lineno":78}
{"timestamp":"2026-04-14T18:03:22.337895Z","level":"info","event":"Running command: ['/bin/bash', '-c', 'cd /Users/jeffboerger/Dev/theme-park-pipeline/theme_park_dbt && /Users/jeffboerger/Dev/theme-park-pipeline/venv/bin/dbt run']","logger":"airflow.task.hooks.airflow.providers.standard.hooks.subprocess.SubprocessHook","filename":"subprocess.py","lineno":80}
{"timestamp":"2026-04-14T18:03:22.344850Z","level":"info","event":"Output:","logger":"airflow.task.hooks.airflow.providers.standard.hooks.subprocess.SubprocessHook","filename":"subprocess.py","lineno":92}
{"timestamp":"2026-04-14T18:03:24.665509Z","level":"info","event":"\u001b[0m18:03:24  Running with dbt=1.11.7","logger":"airflow.task.hooks.airflow.providers.standard.hooks.subprocess.SubprocessHook","filename":"subprocess.py","lineno":99}
{"timestamp":"2026-04-14T18:03:25.919521Z","level":"info","event":"\u001b[0m18:03:25  Registered adapter: snowflake=1.11.3","logger":"airflow.task.hooks.airflow.providers.standard.hooks.subprocess.SubprocessHook","filename":"subprocess.py","lineno":99}
{"timestamp":"2026-04-14T18:03:26.416679Z","level":"info","event":"\u001b[0m18:03:26  Found 4 models, 2 sources, 523 macros","logger":"airflow.task.hooks.airflow.providers.standard.hooks.subprocess.SubprocessHook","filename":"subprocess.py","lineno":99}
{"timestamp":"2026-04-14T18:03:26.419052Z","level":"info","event":"\u001b[0m18:03:26","logger":"airflow.task.hooks.airflow.providers.standard.hooks.subprocess.SubprocessHook","filename":"subprocess.py","lineno":99}
{"timestamp":"2026-04-14T18:03:26.419493Z","level":"info","event":"\u001b[0m18:03:26  Concurrency: 4 threads (target='dev')","logger":"airflow.task.hooks.airflow.providers.standard.hooks.subprocess.SubprocessHook","filename":"subprocess.py","lineno":99}
{"timestamp":"2026-04-14T18:03:26.419885Z","level":"info","event":"\u001b[0m18:03:26","logger":"airflow.task.hooks.airflow.providers.standard.hooks.subprocess.SubprocessHook","filename":"subprocess.py","lineno":99}
{"timestamp":"2026-04-14T18:03:28.089103Z","level":"info","event":"\u001b[0m18:03:28  1 of 4 START sql view model ANALYTICS.stg_forecast ............................. [RUN]","logger":"airflow.task.hooks.airflow.providers.standard.hooks.subprocess.SubprocessHook","filename":"subprocess.py","lineno":99}
{"timestamp":"2026-04-14T18:03:28.090412Z","level":"info","event":"\u001b[0m18:03:28  2 of 4 START sql view model ANALYTICS.stg_wait_times ........................... [RUN]","logger":"airflow.task.hooks.airflow.providers.standard.hooks.subprocess.SubprocessHook","filename":"subprocess.py","lineno":99}
{"timestamp":"2026-04-14T18:03:29.266844Z","level":"info","event":"\u001b[0m18:03:29  1 of 4 OK created sql view model ANALYTICS.stg_forecast ........................ [\u001b[32mSUCCESS 1\u001b[0m in 1.17s]","logger":"airflow.task.hooks.airflow.providers.standard.hooks.subprocess.SubprocessHook","filename":"subprocess.py","lineno":99}
{"timestamp":"2026-04-14T18:03:30.156509Z","level":"info","event":"\u001b[0m18:03:30  2 of 4 OK created sql view model ANALYTICS.stg_wait_times ...................... [\u001b[32mSUCCESS 1\u001b[0m in 2.06s]","logger":"airflow.task.hooks.airflow.providers.standard.hooks.subprocess.SubprocessHook","filename":"subprocess.py","lineno":99}
{"timestamp":"2026-04-14T18:03:30.161743Z","level":"info","event":"\u001b[0m18:03:30  3 of 4 START sql table model ANALYTICS.mart_wait_times_by_park ................. [RUN]","logger":"airflow.task.hooks.airflow.providers.standard.hooks.subprocess.SubprocessHook","filename":"subprocess.py","lineno":99}
{"timestamp":"2026-04-14T18:03:30.162847Z","level":"info","event":"\u001b[0m18:03:30  4 of 4 START sql table model ANALYTICS.mart_wait_times_by_ride ................. [RUN]","logger":"airflow.task.hooks.airflow.providers.standard.hooks.subprocess.SubprocessHook","filename":"subprocess.py","lineno":99}
{"timestamp":"2026-04-14T18:03:33.224038Z","level":"info","event":"\u001b[0m18:03:33  3 of 4 OK created sql table model ANALYTICS.mart_wait_times_by_park ............ [\u001b[32mSUCCESS 8\u001b[0m in 3.06s]","logger":"airflow.task.hooks.airflow.providers.standard.hooks.subprocess.SubprocessHook","filename":"subprocess.py","lineno":99}
{"timestamp":"2026-04-14T18:03:35.678476Z","level":"info","event":"\u001b[0m18:03:35  4 of 4 OK created sql table model ANALYTICS.mart_wait_times_by_ride ............ [\u001b[32mSUCCESS 61\u001b[0m in 5.51s]","logger":"airflow.task.hooks.airflow.providers.standard.hooks.subprocess.SubprocessHook","filename":"subprocess.py","lineno":99}
{"timestamp":"2026-04-14T18:03:36.683982Z","level":"info","event":"\u001b[0m18:03:36","logger":"airflow.task.hooks.airflow.providers.standard.hooks.subprocess.SubprocessHook","filename":"subprocess.py","lineno":99}
{"timestamp":"2026-04-14T18:03:36.685212Z","level":"info","event":"\u001b[0m18:03:36  Finished running 2 table models, 2 view models in 0 hours 0 minutes and 10.26 seconds (10.26s).","logger":"airflow.task.hooks.airflow.providers.standard.hooks.subprocess.SubprocessHook","filename":"subprocess.py","lineno":99}
{"timestamp":"2026-04-14T18:03:36.730566Z","level":"info","event":"\u001b[0m18:03:36","logger":"airflow.task.hooks.airflow.providers.standard.hooks.subprocess.SubprocessHook","filename":"subprocess.py","lineno":99}
{"timestamp":"2026-04-14T18:03:36.731242Z","level":"info","event":"\u001b[0m18:03:36  \u001b[32mCompleted successfully\u001b[0m","logger":"airflow.task.hooks.airflow.providers.standard.hooks.subprocess.SubprocessHook","filename":"subprocess.py","lineno":99}
{"timestamp":"2026-04-14T18:03:36.731608Z","level":"info","event":"\u001b[0m18:03:36","logger":"airflow.task.hooks.airflow.providers.standard.hooks.subprocess.SubprocessHook","filename":"subprocess.py","lineno":99}
{"timestamp":"2026-04-14T18:03:36.732018Z","level":"info","event":"\u001b[0m18:03:36  Done. PASS=4 WARN=0 ERROR=0 SKIP=0 NO-OP=0 TOTAL=4","logger":"airflow.task.hooks.airflow.providers.standard.hooks.subprocess.SubprocessHook","filename":"subprocess.py","lineno":99}
{"timestamp":"2026-04-14T18:03:37.402980Z","level":"info","event":"Command exited with return code 0","logger":"airflow.task.hooks.airflow.providers.standard.hooks.subprocess.SubprocessHook","filename":"subprocess.py","lineno":103}
{"timestamp":"2026-04-14T18:03:37.404089Z","level":"info","event":"Pushing xcom","ti":"RuntimeTaskInstance(id=UUID('019d8d29-4878-7b24-a494-3e9fec9e3116'), task_id='run_dbt_models', dag_id='theme_park_wait_times', run_id='manual__2026-04-14T18:03:06.197277+00:00', try_number=1, dag_version_id=UUID('019d8d27-10a6-7f58-8416-db2e7cd2f110'), map_index=-1, hostname='Jeffs-MacBook-Pro.local', context_carrier={}, task=<Task(BashOperator): run_dbt_models>, bundle_instance=LocalDagBundle(name=dags-folder), max_tries=0, start_date=datetime.datetime(2026, 4, 14, 18, 3, 21, 80726, tzinfo=datetime.timezone.utc), end_date=None, state=<TaskInstanceState.RUNNING: 'running'>, is_mapped=False, rendered_map_index=None)","logger":"task","filename":"task_runner.py","lineno":1573}
{"timestamp":"2026-04-14T18:03:37.432681Z","level":"info","event":"Task instance in success state","logger":"task.stdout"}
{"timestamp":"2026-04-14T18:03:37.432813Z","level":"info","event":" Previous state of the Task instance: TaskInstanceState.RUNNING","logger":"task.stdout"}
{"timestamp":"2026-04-14T18:03:37.433600Z","level":"info","event":"Task operator:<Task(BashOperator): run_dbt_models>","logger":"task.stdout"}
