{"timestamp":"2026-04-08T19:36:26.881258Z","level":"info","event":"Stats instance was created in PID 30388 but accessed in PID 42472. Re-initializing.","logger":"airflow.stats","filename":"stats.py","lineno":57}
{"timestamp":"2026-04-08T19:36:29.043203Z","level":"info","event":"DAG bundles loaded: dags-folder, example_dags","logger":"airflow.dag_processing.bundles.manager.DagBundlesManager","filename":"manager.py","lineno":179}
{"timestamp":"2026-04-08T19:36:29.043985Z","level":"info","event":"Filling up the DagBag from /Users/jeffboerger/Dev/theme-park-pipeline/airflow/dags/theme_park_dag.py","logger":"airflow.models.dagbag.BundleDagBag","filename":"dagbag.py","lineno":593}
{"timestamp":"2026-04-08T19:36:30.060933Z","level":"info","event":"Task instance is in running state","logger":"task.stdout"}
{"timestamp":"2026-04-08T19:36:30.061123Z","level":"info","event":" Previous state of the Task instance: TaskInstanceState.QUEUED","logger":"task.stdout"}
{"timestamp":"2026-04-08T19:36:30.061832Z","level":"info","event":"Current task name:run_dbt_models","logger":"task.stdout"}
{"timestamp":"2026-04-08T19:36:30.061997Z","level":"info","event":"Dag name:theme_park_wait_times","logger":"task.stdout"}
{"timestamp":"2026-04-08T19:36:30.062929Z","level":"info","event":"Tmp dir root location: /var/folders/m7/b13p58vs57vf6839n01bl3800000gn/T","logger":"airflow.task.hooks.airflow.providers.standard.hooks.subprocess.SubprocessHook","filename":"subprocess.py","lineno":78}
{"timestamp":"2026-04-08T19:36:30.063734Z","level":"info","event":"Running command: ['/bin/bash', '-c', 'cd /Users/jeffboerger/Dev/theme-park-pipeline/theme_park_dbt && /Users/jeffboerger/Dev/theme-park-pipeline/venv/bin/dbt run']","logger":"airflow.task.hooks.airflow.providers.standard.hooks.subprocess.SubprocessHook","filename":"subprocess.py","lineno":80}
{"timestamp":"2026-04-08T19:36:30.075697Z","level":"info","event":"Output:","logger":"airflow.task.hooks.airflow.providers.standard.hooks.subprocess.SubprocessHook","filename":"subprocess.py","lineno":92}
{"timestamp":"2026-04-08T19:36:34.289916Z","level":"info","event":"\u001b[0m19:36:34  Running with dbt=1.11.7","logger":"airflow.task.hooks.airflow.providers.standard.hooks.subprocess.SubprocessHook","filename":"subprocess.py","lineno":99}
{"timestamp":"2026-04-08T19:36:39.157145Z","level":"info","event":"\u001b[0m19:36:39  Registered adapter: snowflake=1.11.3","logger":"airflow.task.hooks.airflow.providers.standard.hooks.subprocess.SubprocessHook","filename":"subprocess.py","lineno":99}
{"timestamp":"2026-04-08T19:36:39.976367Z","level":"info","event":"\u001b[0m19:36:39  Found 4 models, 2 sources, 523 macros","logger":"airflow.task.hooks.airflow.providers.standard.hooks.subprocess.SubprocessHook","filename":"subprocess.py","lineno":99}
{"timestamp":"2026-04-08T19:36:39.981036Z","level":"info","event":"\u001b[0m19:36:39","logger":"airflow.task.hooks.airflow.providers.standard.hooks.subprocess.SubprocessHook","filename":"subprocess.py","lineno":99}
{"timestamp":"2026-04-08T19:36:39.981670Z","level":"info","event":"\u001b[0m19:36:39  Concurrency: 4 threads (target='dev')","logger":"airflow.task.hooks.airflow.providers.standard.hooks.subprocess.SubprocessHook","filename":"subprocess.py","lineno":99}
{"timestamp":"2026-04-08T19:36:39.982308Z","level":"info","event":"\u001b[0m19:36:39","logger":"airflow.task.hooks.airflow.providers.standard.hooks.subprocess.SubprocessHook","filename":"subprocess.py","lineno":99}
{"timestamp":"2026-04-08T19:36:41.673547Z","level":"info","event":"\u001b[0m19:36:41  1 of 4 START sql view model ANALYTICS.stg_forecast ............................. [RUN]","logger":"airflow.task.hooks.airflow.providers.standard.hooks.subprocess.SubprocessHook","filename":"subprocess.py","lineno":99}
{"timestamp":"2026-04-08T19:36:41.674037Z","level":"info","event":"\u001b[0m19:36:41  2 of 4 START sql view model ANALYTICS.stg_wait_times ........................... [RUN]","logger":"airflow.task.hooks.airflow.providers.standard.hooks.subprocess.SubprocessHook","filename":"subprocess.py","lineno":99}
{"timestamp":"2026-04-08T19:36:42.687953Z","level":"info","event":"\u001b[0m19:36:42  1 of 4 OK created sql view model ANALYTICS.stg_forecast ........................ [\u001b[32mSUCCESS 1\u001b[0m in 1.01s]","logger":"airflow.task.hooks.airflow.providers.standard.hooks.subprocess.SubprocessHook","filename":"subprocess.py","lineno":99}
{"timestamp":"2026-04-08T19:36:43.671083Z","level":"info","event":"\u001b[0m19:36:43  2 of 4 OK created sql view model ANALYTICS.stg_wait_times ...................... [\u001b[32mSUCCESS 1\u001b[0m in 2.00s]","logger":"airflow.task.hooks.airflow.providers.standard.hooks.subprocess.SubprocessHook","filename":"subprocess.py","lineno":99}
{"timestamp":"2026-04-08T19:36:43.674062Z","level":"info","event":"\u001b[0m19:36:43  3 of 4 START sql table model ANALYTICS.mart_wait_times_by_park ................. [RUN]","logger":"airflow.task.hooks.airflow.providers.standard.hooks.subprocess.SubprocessHook","filename":"subprocess.py","lineno":99}
{"timestamp":"2026-04-08T19:36:43.674813Z","level":"info","event":"\u001b[0m19:36:43  4 of 4 START sql table model ANALYTICS.mart_wait_times_by_ride ................. [RUN]","logger":"airflow.task.hooks.airflow.providers.standard.hooks.subprocess.SubprocessHook","filename":"subprocess.py","lineno":99}
{"timestamp":"2026-04-08T19:36:45.815102Z","level":"info","event":"\u001b[0m19:36:45  3 of 4 OK created sql table model ANALYTICS.mart_wait_times_by_park ............ [\u001b[32mSUCCESS 16\u001b[0m in 2.14s]","logger":"airflow.task.hooks.airflow.providers.standard.hooks.subprocess.SubprocessHook","filename":"subprocess.py","lineno":99}
{"timestamp":"2026-04-08T19:36:45.822996Z","level":"info","event":"\u001b[0m19:36:45  4 of 4 OK created sql table model ANALYTICS.mart_wait_times_by_ride ............ [\u001b[32mSUCCESS 61\u001b[0m in 2.14s]","logger":"airflow.task.hooks.airflow.providers.standard.hooks.subprocess.SubprocessHook","filename":"subprocess.py","lineno":99}
{"timestamp":"2026-04-08T19:36:46.381766Z","level":"info","event":"\u001b[0m19:36:46","logger":"airflow.task.hooks.airflow.providers.standard.hooks.subprocess.SubprocessHook","filename":"subprocess.py","lineno":99}
{"timestamp":"2026-04-08T19:36:46.382932Z","level":"info","event":"\u001b[0m19:36:46  Finished running 2 table models, 2 view models in 0 hours 0 minutes and 6.40 seconds (6.40s).","logger":"airflow.task.hooks.airflow.providers.standard.hooks.subprocess.SubprocessHook","filename":"subprocess.py","lineno":99}
{"timestamp":"2026-04-08T19:36:46.431131Z","level":"info","event":"\u001b[0m19:36:46","logger":"airflow.task.hooks.airflow.providers.standard.hooks.subprocess.SubprocessHook","filename":"subprocess.py","lineno":99}
{"timestamp":"2026-04-08T19:36:46.431748Z","level":"info","event":"\u001b[0m19:36:46  \u001b[32mCompleted successfully\u001b[0m","logger":"airflow.task.hooks.airflow.providers.standard.hooks.subprocess.SubprocessHook","filename":"subprocess.py","lineno":99}
{"timestamp":"2026-04-08T19:36:46.432110Z","level":"info","event":"\u001b[0m19:36:46","logger":"airflow.task.hooks.airflow.providers.standard.hooks.subprocess.SubprocessHook","filename":"subprocess.py","lineno":99}
{"timestamp":"2026-04-08T19:36:46.432558Z","level":"info","event":"\u001b[0m19:36:46  Done. PASS=4 WARN=0 ERROR=0 SKIP=0 NO-OP=0 TOTAL=4","logger":"airflow.task.hooks.airflow.providers.standard.hooks.subprocess.SubprocessHook","filename":"subprocess.py","lineno":99}
{"timestamp":"2026-04-08T19:36:47.090686Z","level":"info","event":"Command exited with return code 0","logger":"airflow.task.hooks.airflow.providers.standard.hooks.subprocess.SubprocessHook","filename":"subprocess.py","lineno":103}
{"timestamp":"2026-04-08T19:36:47.096071Z","level":"info","event":"Pushing xcom","ti":"RuntimeTaskInstance(id=UUID('019d6e98-9161-7d43-9b5f-d495a2c216f6'), task_id='run_dbt_models', dag_id='theme_park_wait_times', run_id='scheduled__2026-04-08T19:00:00+00:00', try_number=2, dag_version_id=UUID('019d6dd4-969f-7977-bd7b-9e7a21614601'), map_index=-1, hostname='Jeffs-MacBook-Pro.local', context_carrier={}, task=<Task(BashOperator): run_dbt_models>, bundle_instance=LocalDagBundle(name=dags-folder), max_tries=0, start_date=datetime.datetime(2026, 4, 8, 19, 36, 26, 816428, tzinfo=datetime.timezone.utc), end_date=None, state=<TaskInstanceState.RUNNING: 'running'>, is_mapped=False, rendered_map_index=None)","logger":"task","filename":"task_runner.py","lineno":1573}
{"timestamp":"2026-04-08T19:36:47.141318Z","level":"info","event":"Task instance in success state","logger":"task.stdout"}
{"timestamp":"2026-04-08T19:36:47.141446Z","level":"info","event":" Previous state of the Task instance: TaskInstanceState.RUNNING","logger":"task.stdout"}
{"timestamp":"2026-04-08T19:36:47.142246Z","level":"info","event":"Task operator:<Task(BashOperator): run_dbt_models>","logger":"task.stdout"}
