{"timestamp":"2026-04-08T19:12:17.985899Z","level":"info","event":"Stats instance was created in PID 30404 but accessed in PID 42372. Re-initializing.","logger":"airflow.stats","filename":"stats.py","lineno":57}
{"timestamp":"2026-04-08T19:12:37.588950Z","level":"info","event":"DAG bundles loaded: dags-folder, example_dags","logger":"airflow.dag_processing.bundles.manager.DagBundlesManager","filename":"manager.py","lineno":179}
{"timestamp":"2026-04-08T19:12:37.597317Z","level":"info","event":"Filling up the DagBag from /Users/jeffboerger/Dev/theme-park-pipeline/airflow/dags/theme_park_dag.py","logger":"airflow.models.dagbag.BundleDagBag","filename":"dagbag.py","lineno":593}
{"timestamp":"2026-04-08T19:12:47.229716Z","level":"info","event":"Task instance is in running state","logger":"task.stdout"}
{"timestamp":"2026-04-08T19:12:47.235798Z","level":"info","event":" Previous state of the Task instance: TaskInstanceState.QUEUED","logger":"task.stdout"}
{"timestamp":"2026-04-08T19:12:47.242460Z","level":"info","event":"Current task name:run_dbt_models","logger":"task.stdout"}
{"timestamp":"2026-04-08T19:12:47.244336Z","level":"info","event":"Dag name:theme_park_wait_times","logger":"task.stdout"}
{"timestamp":"2026-04-08T19:12:47.258397Z","level":"info","event":"Tmp dir root location: /var/folders/m7/b13p58vs57vf6839n01bl3800000gn/T","logger":"airflow.task.hooks.airflow.providers.standard.hooks.subprocess.SubprocessHook","filename":"subprocess.py","lineno":78}
{"timestamp":"2026-04-08T19:12:47.267342Z","level":"info","event":"Running command: ['/bin/bash', '-c', 'cd /Users/jeffboerger/Dev/theme-park-pipeline/theme_park_dbt && /Users/jeffboerger/Dev/theme-park-pipeline/venv/bin/dbt run']","logger":"airflow.task.hooks.airflow.providers.standard.hooks.subprocess.SubprocessHook","filename":"subprocess.py","lineno":80}
{"timestamp":"2026-04-08T19:12:47.362264Z","level":"info","event":"Output:","logger":"airflow.task.hooks.airflow.providers.standard.hooks.subprocess.SubprocessHook","filename":"subprocess.py","lineno":92}
{"timestamp":"2026-04-08T19:36:29.386548Z","level":"info","event":"\u001b[0m19:36:29  Running with dbt=1.11.7","logger":"airflow.task.hooks.airflow.providers.standard.hooks.subprocess.SubprocessHook","filename":"subprocess.py","lineno":99}
{"timestamp":"2026-04-08T19:36:31.659754Z","level":"info","event":"\u001b[0m19:36:31  Registered adapter: snowflake=1.11.3","logger":"airflow.task.hooks.airflow.providers.standard.hooks.subprocess.SubprocessHook","filename":"subprocess.py","lineno":99}
{"timestamp":"2026-04-08T19:36:32.706360Z","level":"info","event":"\u001b[0m19:36:32  Found 4 models, 2 sources, 523 macros","logger":"airflow.task.hooks.airflow.providers.standard.hooks.subprocess.SubprocessHook","filename":"subprocess.py","lineno":99}
{"timestamp":"2026-04-08T19:36:32.710479Z","level":"info","event":"\u001b[0m19:36:32","logger":"airflow.task.hooks.airflow.providers.standard.hooks.subprocess.SubprocessHook","filename":"subprocess.py","lineno":99}
{"timestamp":"2026-04-08T19:36:32.711211Z","level":"info","event":"\u001b[0m19:36:32  Concurrency: 4 threads (target='dev')","logger":"airflow.task.hooks.airflow.providers.standard.hooks.subprocess.SubprocessHook","filename":"subprocess.py","lineno":99}
{"timestamp":"2026-04-08T19:36:32.711837Z","level":"info","event":"\u001b[0m19:36:32","logger":"airflow.task.hooks.airflow.providers.standard.hooks.subprocess.SubprocessHook","filename":"subprocess.py","lineno":99}
{"timestamp":"2026-04-08T19:36:35.094448Z","level":"info","event":"\u001b[0m19:36:35  1 of 4 START sql view model ANALYTICS.stg_forecast ............................. [RUN]","logger":"airflow.task.hooks.airflow.providers.standard.hooks.subprocess.SubprocessHook","filename":"subprocess.py","lineno":99}
{"timestamp":"2026-04-08T19:36:35.095773Z","level":"info","event":"\u001b[0m19:36:35  2 of 4 START sql view model ANALYTICS.stg_wait_times ........................... [RUN]","logger":"airflow.task.hooks.airflow.providers.standard.hooks.subprocess.SubprocessHook","filename":"subprocess.py","lineno":99}
{"timestamp":"2026-04-08T19:36:36.125793Z","level":"info","event":"\u001b[0m19:36:36  1 of 4 OK created sql view model ANALYTICS.stg_forecast ........................ [\u001b[32mSUCCESS 1\u001b[0m in 1.02s]","logger":"airflow.task.hooks.airflow.providers.standard.hooks.subprocess.SubprocessHook","filename":"subprocess.py","lineno":99}
{"timestamp":"2026-04-08T19:36:38.093465Z","level":"info","event":"\u001b[0m19:36:38  2 of 4 OK created sql view model ANALYTICS.stg_wait_times ...................... [\u001b[32mSUCCESS 1\u001b[0m in 2.99s]","logger":"airflow.task.hooks.airflow.providers.standard.hooks.subprocess.SubprocessHook","filename":"subprocess.py","lineno":99}
{"timestamp":"2026-04-08T19:36:38.099858Z","level":"info","event":"\u001b[0m19:36:38  3 of 4 START sql table model ANALYTICS.mart_wait_times_by_park ................. [RUN]","logger":"airflow.task.hooks.airflow.providers.standard.hooks.subprocess.SubprocessHook","filename":"subprocess.py","lineno":99}
{"timestamp":"2026-04-08T19:36:38.100878Z","level":"info","event":"\u001b[0m19:36:38  4 of 4 START sql table model ANALYTICS.mart_wait_times_by_ride ................. [RUN]","logger":"airflow.task.hooks.airflow.providers.standard.hooks.subprocess.SubprocessHook","filename":"subprocess.py","lineno":99}
{"timestamp":"2026-04-08T19:36:38.106400Z","level":"info","event":"Sending SIGTERM signal to process group","logger":"airflow.task.hooks.airflow.providers.standard.hooks.subprocess.SubprocessHook","filename":"subprocess.py","lineno":110}
{"timestamp":"2026-04-08T19:36:38.146158Z","level":"info","event":"/usr/local/Cellar/python@3.11/3.11.15/Frameworks/Python.framework/Versions/3.11/lib/python3.11/multiprocessing/resource_tracker.py:254: UserWarning: resource_tracker: There appear to be 4 leaked semaphore objects to clean up at shutdown","logger":"airflow.task.hooks.airflow.providers.standard.hooks.subprocess.SubprocessHook","filename":"subprocess.py","lineno":99}
{"timestamp":"2026-04-08T19:36:38.146369Z","level":"info","event":"  warnings.warn('resource_tracker: There appear to be %d '","logger":"airflow.task.hooks.airflow.providers.standard.hooks.subprocess.SubprocessHook","filename":"subprocess.py","lineno":99}
{"timestamp":"2026-04-08T19:36:38.163877Z","level":"info","event":"Command exited with return code -15","logger":"airflow.task.hooks.airflow.providers.standard.hooks.subprocess.SubprocessHook","filename":"subprocess.py","lineno":103}
{"timestamp":"2026-04-08T19:36:38.165978Z","level":"error","event":"Task failed with exception","logger":"task","filename":"task_runner.py","lineno":1164,"error_detail":[{"exc_type":"AirflowException","exc_value":"Bash command failed. The command returned a non-zero exit code -15.","exc_notes":[],"syntax_error":null,"is_cause":false,"frames":[{"filename":"/Users/jeffboerger/Dev/theme-park-pipeline/venv/lib/python3.11/site-packages/airflow/sdk/execution_time/task_runner.py","lineno":1112,"name":"run"},{"filename":"/Users/jeffboerger/Dev/theme-park-pipeline/venv/lib/python3.11/site-packages/airflow/sdk/execution_time/task_runner.py","lineno":1528,"name":"_execute_task"},{"filename":"/Users/jeffboerger/Dev/theme-park-pipeline/venv/lib/python3.11/site-packages/airflow/sdk/bases/operator.py","lineno":417,"name":"wrapper"},{"filename":"/Users/jeffboerger/Dev/theme-park-pipeline/venv/lib/python3.11/site-packages/airflow/providers/standard/operators/bash.py","lineno":226,"name":"execute"}],"is_group":false,"exceptions":[]}]}
{"timestamp":"2026-04-08T19:36:38.169667Z","level":"info","event":"Task instance in failure state","logger":"task.stdout"}
{"timestamp":"2026-04-08T19:36:38.170544Z","level":"info","event":"Task start","logger":"task.stdout"}
{"timestamp":"2026-04-08T19:36:38.170702Z","level":"info","event":"Task:<Task(BashOperator): run_dbt_models>","logger":"task.stdout"}
{"timestamp":"2026-04-08T19:36:38.170793Z","level":"info","event":"Failure caused by Bash command failed. The command returned a non-zero exit code -15.","logger":"task.stdout"}
