{"timestamp":"2026-04-14T18:01:12.366893Z","level":"info","event":"Stats instance was created in PID 12042 but accessed in PID 13514. Re-initializing.","logger":"airflow.stats","filename":"stats.py","lineno":57}
{"timestamp":"2026-04-14T18:01:13.351809Z","level":"info","event":"DAG bundles loaded: dags-folder, example_dags","logger":"airflow.dag_processing.bundles.manager.DagBundlesManager","filename":"manager.py","lineno":179}
{"timestamp":"2026-04-14T18:01:13.352270Z","level":"info","event":"Filling up the DagBag from /Users/jeffboerger/Dev/theme-park-pipeline/airflow/dags/theme_park_dag.py","logger":"airflow.models.dagbag.BundleDagBag","filename":"dagbag.py","lineno":593}
{"timestamp":"2026-04-14T18:01:13.358845Z","level":"info","event":"DAG_DIR: /Users/jeffboerger/Dev/theme-park-pipeline/airflow/dags","logger":"task.stdout"}
{"timestamp":"2026-04-14T18:01:13.358981Z","level":"info","event":"PROJECT_HOME: /Users/jeffboerger/Dev/theme-park-pipeline","logger":"task.stdout"}
{"timestamp":"2026-04-14T18:01:13.864363Z","level":"info","event":"Task instance is in running state","logger":"task.stdout"}
{"timestamp":"2026-04-14T18:01:13.864503Z","level":"info","event":" Previous state of the Task instance: TaskInstanceState.QUEUED","logger":"task.stdout"}
{"timestamp":"2026-04-14T18:01:13.865050Z","level":"info","event":"Current task name:ingest_wait_times","logger":"task.stdout"}
{"timestamp":"2026-04-14T18:01:13.865235Z","level":"info","event":"Dag name:theme_park_wait_times","logger":"task.stdout"}
{"timestamp":"2026-04-14T18:01:13.867325Z","level":"info","event":"Pulling Magic Kingdom...","logger":"task.stdout"}
{"timestamp":"2026-04-14T18:01:14.068588Z","level":"info","event":"Pulling EPCOT...","logger":"task.stdout"}
{"timestamp":"2026-04-14T18:01:14.522748Z","level":"info","event":"Pulling Hollywood Studios...","logger":"task.stdout"}
{"timestamp":"2026-04-14T18:01:14.714892Z","level":"info","event":"Pulling Animal Kingdom...","logger":"task.stdout"}
{"timestamp":"2026-04-14T18:01:15.240347Z","level":"info","event":"Snowflake Connector for Python Version: 4.4.0, Python Version: 3.11.15, Platform: macOS-26.4.1-x86_64-i386-64bit","logger":"snowflake.connector.connection","filename":"connection.py","lineno":620}
{"timestamp":"2026-04-14T18:01:15.240874Z","level":"info","event":"Connecting to GLOBAL Snowflake domain","logger":"snowflake.connector.connection","filename":"connection.py","lineno":1716}
{"timestamp":"2026-04-14T18:01:24.001097Z","level":"info","event":"Inserted 94 wait time rows","logger":"task.stdout"}
{"timestamp":"2026-04-14T18:01:24.002107Z","level":"info","event":"Inserted 765 forecast rows","logger":"task.stdout"}
{"timestamp":"2026-04-14T18:01:24.188865Z","level":"info","event":"Done. Returned value was: None","logger":"airflow.task.operators.airflow.providers.standard.operators.python.PythonOperator","filename":"python.py","lineno":229}
{"timestamp":"2026-04-14T18:01:24.203587Z","level":"info","event":"Task instance in success state","logger":"task.stdout"}
{"timestamp":"2026-04-14T18:01:24.203789Z","level":"info","event":" Previous state of the Task instance: TaskInstanceState.RUNNING","logger":"task.stdout"}
{"timestamp":"2026-04-14T18:01:24.204414Z","level":"info","event":"Task operator:<Task(PythonOperator): ingest_wait_times>","logger":"task.stdout"}
