{"timestamp":"2026-04-08T17:00:20.046603Z","level":"info","event":"Stats instance was created in PID 30387 but accessed in PID 30464. Re-initializing.","logger":"airflow.stats","filename":"stats.py","lineno":57}
{"timestamp":"2026-04-08T17:00:20.920629Z","level":"info","event":"DAG bundles loaded: dags-folder, example_dags","logger":"airflow.dag_processing.bundles.manager.DagBundlesManager","filename":"manager.py","lineno":179}
{"timestamp":"2026-04-08T17:00:20.921095Z","level":"info","event":"Filling up the DagBag from /Users/jeffboerger/Dev/theme-park-pipeline/airflow/dags/theme_park_dag.py","logger":"airflow.models.dagbag.BundleDagBag","filename":"dagbag.py","lineno":593}
{"timestamp":"2026-04-08T17:00:21.493691Z","level":"info","event":"Task instance is in running state","logger":"task.stdout"}
{"timestamp":"2026-04-08T17:00:21.493815Z","level":"info","event":" Previous state of the Task instance: TaskInstanceState.QUEUED","logger":"task.stdout"}
{"timestamp":"2026-04-08T17:00:21.494205Z","level":"info","event":"Current task name:run_dbt_models","logger":"task.stdout"}
{"timestamp":"2026-04-08T17:00:21.494283Z","level":"info","event":"Dag name:theme_park_wait_times","logger":"task.stdout"}
{"timestamp":"2026-04-08T17:00:21.495756Z","level":"info","event":"Tmp dir root location: /var/folders/m7/b13p58vs57vf6839n01bl3800000gn/T","logger":"airflow.task.hooks.airflow.providers.standard.hooks.subprocess.SubprocessHook","filename":"subprocess.py","lineno":78}
{"timestamp":"2026-04-08T17:00:21.496364Z","level":"info","event":"Running command: ['/bin/bash', '-c', 'cd /Users/jeffboerger/Dev/theme-park-pipeline/theme_park_dbt && /Users/jeffboerger/Dev/theme-park-pipeline/venv/bin/dbt run']","logger":"airflow.task.hooks.airflow.providers.standard.hooks.subprocess.SubprocessHook","filename":"subprocess.py","lineno":80}
{"timestamp":"2026-04-08T17:00:21.502269Z","level":"info","event":"Output:","logger":"airflow.task.hooks.airflow.providers.standard.hooks.subprocess.SubprocessHook","filename":"subprocess.py","lineno":92}
{"timestamp":"2026-04-08T17:00:23.515662Z","level":"info","event":"\u001b[0m17:00:23  Running with dbt=1.11.7","logger":"airflow.task.hooks.airflow.providers.standard.hooks.subprocess.SubprocessHook","filename":"subprocess.py","lineno":99}
{"timestamp":"2026-04-08T17:00:24.681381Z","level":"info","event":"\u001b[0m17:00:24  Registered adapter: snowflake=1.11.3","logger":"airflow.task.hooks.airflow.providers.standard.hooks.subprocess.SubprocessHook","filename":"subprocess.py","lineno":99}
{"timestamp":"2026-04-08T17:00:25.133058Z","level":"info","event":"\u001b[0m17:00:25  Found 4 models, 2 sources, 523 macros","logger":"airflow.task.hooks.airflow.providers.standard.hooks.subprocess.SubprocessHook","filename":"subprocess.py","lineno":99}
{"timestamp":"2026-04-08T17:00:25.136378Z","level":"info","event":"\u001b[0m17:00:25","logger":"airflow.task.hooks.airflow.providers.standard.hooks.subprocess.SubprocessHook","filename":"subprocess.py","lineno":99}
{"timestamp":"2026-04-08T17:00:25.136808Z","level":"info","event":"\u001b[0m17:00:25  Concurrency: 4 threads (target='dev')","logger":"airflow.task.hooks.airflow.providers.standard.hooks.subprocess.SubprocessHook","filename":"subprocess.py","lineno":99}
{"timestamp":"2026-04-08T17:00:25.137123Z","level":"info","event":"\u001b[0m17:00:25","logger":"airflow.task.hooks.airflow.providers.standard.hooks.subprocess.SubprocessHook","filename":"subprocess.py","lineno":99}
{"timestamp":"2026-04-08T17:00:27.353780Z","level":"info","event":"\u001b[0m17:00:27  1 of 4 START sql view model ANALYTICS.stg_forecast ............................. [RUN]","logger":"airflow.task.hooks.airflow.providers.standard.hooks.subprocess.SubprocessHook","filename":"subprocess.py","lineno":99}
{"timestamp":"2026-04-08T17:00:27.354727Z","level":"info","event":"\u001b[0m17:00:27  2 of 4 START sql view model ANALYTICS.stg_wait_times ........................... [RUN]","logger":"airflow.task.hooks.airflow.providers.standard.hooks.subprocess.SubprocessHook","filename":"subprocess.py","lineno":99}
{"timestamp":"2026-04-08T17:00:29.120701Z","level":"info","event":"\u001b[0m17:00:29  1 of 4 OK created sql view model ANALYTICS.stg_forecast ........................ [\u001b[32mSUCCESS 1\u001b[0m in 1.76s]","logger":"airflow.task.hooks.airflow.providers.standard.hooks.subprocess.SubprocessHook","filename":"subprocess.py","lineno":99}
{"timestamp":"2026-04-08T17:00:29.595035Z","level":"info","event":"\u001b[0m17:00:29  2 of 4 OK created sql view model ANALYTICS.stg_wait_times ...................... [\u001b[32mSUCCESS 1\u001b[0m in 2.24s]","logger":"airflow.task.hooks.airflow.providers.standard.hooks.subprocess.SubprocessHook","filename":"subprocess.py","lineno":99}
{"timestamp":"2026-04-08T17:00:29.599215Z","level":"info","event":"\u001b[0m17:00:29  3 of 4 START sql table model ANALYTICS.mart_wait_times_by_park ................. [RUN]","logger":"airflow.task.hooks.airflow.providers.standard.hooks.subprocess.SubprocessHook","filename":"subprocess.py","lineno":99}
{"timestamp":"2026-04-08T17:00:29.602599Z","level":"info","event":"\u001b[0m17:00:29  4 of 4 START sql table model ANALYTICS.mart_wait_times_by_ride ................. [RUN]","logger":"airflow.task.hooks.airflow.providers.standard.hooks.subprocess.SubprocessHook","filename":"subprocess.py","lineno":99}
{"timestamp":"2026-04-08T17:00:32.957782Z","level":"info","event":"\u001b[0m17:00:32  3 of 4 OK created sql table model ANALYTICS.mart_wait_times_by_park ............ [\u001b[32mSUCCESS 12\u001b[0m in 3.36s]","logger":"airflow.task.hooks.airflow.providers.standard.hooks.subprocess.SubprocessHook","filename":"subprocess.py","lineno":99}
{"timestamp":"2026-04-08T17:00:34.120101Z","level":"info","event":"\u001b[0m17:00:34  4 of 4 OK created sql table model ANALYTICS.mart_wait_times_by_ride ............ [\u001b[32mSUCCESS 61\u001b[0m in 4.51s]","logger":"airflow.task.hooks.airflow.providers.standard.hooks.subprocess.SubprocessHook","filename":"subprocess.py","lineno":99}
{"timestamp":"2026-04-08T17:00:34.953866Z","level":"info","event":"\u001b[0m17:00:34","logger":"airflow.task.hooks.airflow.providers.standard.hooks.subprocess.SubprocessHook","filename":"subprocess.py","lineno":99}
{"timestamp":"2026-04-08T17:00:34.954980Z","level":"info","event":"\u001b[0m17:00:34  Finished running 2 table models, 2 view models in 0 hours 0 minutes and 9.82 seconds (9.82s).","logger":"airflow.task.hooks.airflow.providers.standard.hooks.subprocess.SubprocessHook","filename":"subprocess.py","lineno":99}
{"timestamp":"2026-04-08T17:00:34.998560Z","level":"info","event":"\u001b[0m17:00:34","logger":"airflow.task.hooks.airflow.providers.standard.hooks.subprocess.SubprocessHook","filename":"subprocess.py","lineno":99}
{"timestamp":"2026-04-08T17:00:34.998841Z","level":"info","event":"\u001b[0m17:00:34  \u001b[32mCompleted successfully\u001b[0m","logger":"airflow.task.hooks.airflow.providers.standard.hooks.subprocess.SubprocessHook","filename":"subprocess.py","lineno":99}
{"timestamp":"2026-04-08T17:00:34.999208Z","level":"info","event":"\u001b[0m17:00:34","logger":"airflow.task.hooks.airflow.providers.standard.hooks.subprocess.SubprocessHook","filename":"subprocess.py","lineno":99}
{"timestamp":"2026-04-08T17:00:34.999574Z","level":"info","event":"\u001b[0m17:00:34  Done. PASS=4 WARN=0 ERROR=0 SKIP=0 NO-OP=0 TOTAL=4","logger":"airflow.task.hooks.airflow.providers.standard.hooks.subprocess.SubprocessHook","filename":"subprocess.py","lineno":99}
{"timestamp":"2026-04-08T17:00:35.630021Z","level":"info","event":"Command exited with return code 0","logger":"airflow.task.hooks.airflow.providers.standard.hooks.subprocess.SubprocessHook","filename":"subprocess.py","lineno":103}
{"timestamp":"2026-04-08T17:00:35.630973Z","level":"info","event":"Pushing xcom","ti":"RuntimeTaskInstance(id=UUID('019d6e09-6189-7678-b8ae-cfc8e351d6cb'), task_id='run_dbt_models', dag_id='theme_park_wait_times', run_id='scheduled__2026-04-08T17:00:00+00:00', try_number=1, dag_version_id=UUID('019d6dd4-969f-7977-bd7b-9e7a21614601'), map_index=-1, hostname='Jeffs-MacBook-Pro.local', context_carrier={}, task=<Task(BashOperator): run_dbt_models>, bundle_instance=LocalDagBundle(name=dags-folder), max_tries=0, start_date=datetime.datetime(2026, 4, 8, 17, 0, 20, 12778, tzinfo=datetime.timezone.utc), end_date=None, state=<TaskInstanceState.RUNNING: 'running'>, is_mapped=False, rendered_map_index=None)","logger":"task","filename":"task_runner.py","lineno":1573}
{"timestamp":"2026-04-08T17:00:35.658740Z","level":"info","event":"Task instance in success state","logger":"task.stdout"}
{"timestamp":"2026-04-08T17:00:35.658884Z","level":"info","event":" Previous state of the Task instance: TaskInstanceState.RUNNING","logger":"task.stdout"}
{"timestamp":"2026-04-08T17:00:35.659623Z","level":"info","event":"Task operator:<Task(BashOperator): run_dbt_models>","logger":"task.stdout"}
