{"timestamp":"2026-04-06T20:35:07.977092Z","level":"info","event":"Stats instance was created in PID 1596 but accessed in PID 1670. Re-initializing.","logger":"airflow.stats","filename":"stats.py","lineno":57}
{"timestamp":"2026-04-06T20:35:07.980689Z","level":"warning","event":"Could not import pandas. Holidays will not be considered.","logger":"airflow.example_dags.plugins.workday","filename":"workday.py","lineno":41}
{"timestamp":"2026-04-06T20:35:08.002796Z","level":"info","event":"DAG bundles loaded: dags-folder, example_dags","logger":"airflow.dag_processing.bundles.manager.DagBundlesManager","filename":"manager.py","lineno":179}
{"timestamp":"2026-04-06T20:35:08.004021Z","level":"info","event":"Filling up the DagBag from /Users/jeffboerger/Dev/theme-park-pipeline/airflow/dags/theme_park_dag.py","logger":"airflow.models.dagbag.BundleDagBag","filename":"dagbag.py","lineno":593}
{"timestamp":"2026-04-06T20:35:08.647173Z","level":"info","event":"Task instance is in running state","logger":"task.stdout"}
{"timestamp":"2026-04-06T20:35:08.647406Z","level":"info","event":" Previous state of the Task instance: TaskInstanceState.QUEUED","logger":"task.stdout"}
{"timestamp":"2026-04-06T20:35:08.647984Z","level":"info","event":"Current task name:ingest_wait_times","logger":"task.stdout"}
{"timestamp":"2026-04-06T20:35:08.648071Z","level":"info","event":"Dag name:theme_park_wait_times","logger":"task.stdout"}
{"timestamp":"2026-04-06T20:35:08.649845Z","level":"info","event":"Pulling Magic Kingdom...","logger":"task.stdout"}
{"timestamp":"2026-04-06T20:35:09.127387Z","level":"info","event":"Pulling EPCOT...","logger":"task.stdout"}
{"timestamp":"2026-04-06T20:35:09.325745Z","level":"info","event":"Pulling Hollywood Studios...","logger":"task.stdout"}
{"timestamp":"2026-04-06T20:35:09.518221Z","level":"info","event":"Pulling Animal Kingdom...","logger":"task.stdout"}
{"timestamp":"2026-04-06T20:35:09.924941Z","level":"info","event":"Snowflake Connector for Python Version: 4.4.0, Python Version: 3.11.15, Platform: macOS-26.4-x86_64-i386-64bit","logger":"snowflake.connector.connection","filename":"connection.py","lineno":620}
{"timestamp":"2026-04-06T20:35:09.925524Z","level":"info","event":"Connecting to GLOBAL Snowflake domain","logger":"snowflake.connector.connection","filename":"connection.py","lineno":1716}
{"timestamp":"2026-04-06T20:35:16.137126Z","level":"info","event":"Inserted 94 wait time rows","logger":"task.stdout"}
{"timestamp":"2026-04-06T20:35:16.137979Z","level":"info","event":"Inserted 781 forecast rows","logger":"task.stdout"}
{"timestamp":"2026-04-06T20:35:16.339700Z","level":"info","event":"Done. Returned value was: None","logger":"airflow.task.operators.airflow.providers.standard.operators.python.PythonOperator","filename":"python.py","lineno":229}
{"timestamp":"2026-04-06T20:35:16.370371Z","level":"info","event":"Task instance in success state","logger":"task.stdout"}
{"timestamp":"2026-04-06T20:35:16.370512Z","level":"info","event":" Previous state of the Task instance: TaskInstanceState.RUNNING","logger":"task.stdout"}
{"timestamp":"2026-04-06T20:35:16.371045Z","level":"info","event":"Task operator:<Task(PythonOperator): ingest_wait_times>","logger":"task.stdout"}
