{"timestamp":"2026-04-14T17:29:47.717102Z","level":"info","event":"Stats instance was created in PID 5286 but accessed in PID 5417. Re-initializing.","logger":"airflow.stats","filename":"stats.py","lineno":57}
{"timestamp":"2026-04-14T17:29:48.443438Z","level":"info","event":"DAG bundles loaded: dags-folder, example_dags","logger":"airflow.dag_processing.bundles.manager.DagBundlesManager","filename":"manager.py","lineno":179}
{"timestamp":"2026-04-14T17:29:48.443950Z","level":"info","event":"Filling up the DagBag from /Users/jeffboerger/Dev/theme-park-pipeline/airflow/dags/theme_park_dag.py","logger":"airflow.models.dagbag.BundleDagBag","filename":"dagbag.py","lineno":593}
{"timestamp":"2026-04-14T17:29:48.879340Z","level":"info","event":"Task instance is in running state","logger":"task.stdout"}
{"timestamp":"2026-04-14T17:29:48.879489Z","level":"info","event":" Previous state of the Task instance: TaskInstanceState.QUEUED","logger":"task.stdout"}
{"timestamp":"2026-04-14T17:29:48.879931Z","level":"info","event":"Current task name:run_dbt_models","logger":"task.stdout"}
{"timestamp":"2026-04-14T17:29:48.880010Z","level":"info","event":"Dag name:theme_park_wait_times","logger":"task.stdout"}
{"timestamp":"2026-04-14T17:29:48.880546Z","level":"info","event":"Tmp dir root location: /var/folders/m7/b13p58vs57vf6839n01bl3800000gn/T","logger":"airflow.task.hooks.airflow.providers.standard.hooks.subprocess.SubprocessHook","filename":"subprocess.py","lineno":78}
{"timestamp":"2026-04-14T17:29:48.881029Z","level":"info","event":"Running command: ['/bin/bash', '-c', 'cd /Users/jeffboerger/Dev/theme-park-pipeline/theme_park_dbt && /Users/jeffboerger/Dev/theme-park-pipeline/venv/bin/dbt run']","logger":"airflow.task.hooks.airflow.providers.standard.hooks.subprocess.SubprocessHook","filename":"subprocess.py","lineno":80}
{"timestamp":"2026-04-14T17:29:48.887081Z","level":"info","event":"Output:","logger":"airflow.task.hooks.airflow.providers.standard.hooks.subprocess.SubprocessHook","filename":"subprocess.py","lineno":92}
{"timestamp":"2026-04-14T17:29:51.480819Z","level":"info","event":"\u001b[0m17:29:51  Running with dbt=1.11.7","logger":"airflow.task.hooks.airflow.providers.standard.hooks.subprocess.SubprocessHook","filename":"subprocess.py","lineno":99}
{"timestamp":"2026-04-14T17:29:52.807556Z","level":"info","event":"\u001b[0m17:29:52  Registered adapter: snowflake=1.11.3","logger":"airflow.task.hooks.airflow.providers.standard.hooks.subprocess.SubprocessHook","filename":"subprocess.py","lineno":99}
{"timestamp":"2026-04-14T17:29:53.376004Z","level":"info","event":"\u001b[0m17:29:53  Found 4 models, 2 sources, 523 macros","logger":"airflow.task.hooks.airflow.providers.standard.hooks.subprocess.SubprocessHook","filename":"subprocess.py","lineno":99}
{"timestamp":"2026-04-14T17:29:53.378702Z","level":"info","event":"\u001b[0m17:29:53","logger":"airflow.task.hooks.airflow.providers.standard.hooks.subprocess.SubprocessHook","filename":"subprocess.py","lineno":99}
{"timestamp":"2026-04-14T17:29:53.379264Z","level":"info","event":"\u001b[0m17:29:53  Concurrency: 4 threads (target='dev')","logger":"airflow.task.hooks.airflow.providers.standard.hooks.subprocess.SubprocessHook","filename":"subprocess.py","lineno":99}
{"timestamp":"2026-04-14T17:29:53.379546Z","level":"info","event":"\u001b[0m17:29:53","logger":"airflow.task.hooks.airflow.providers.standard.hooks.subprocess.SubprocessHook","filename":"subprocess.py","lineno":99}
{"timestamp":"2026-04-14T17:29:55.543569Z","level":"info","event":"\u001b[0m17:29:55  1 of 4 START sql view model ANALYTICS.stg_forecast ............................. [RUN]","logger":"airflow.task.hooks.airflow.providers.standard.hooks.subprocess.SubprocessHook","filename":"subprocess.py","lineno":99}
{"timestamp":"2026-04-14T17:29:55.544488Z","level":"info","event":"\u001b[0m17:29:55  2 of 4 START sql view model ANALYTICS.stg_wait_times ........................... [RUN]","logger":"airflow.task.hooks.airflow.providers.standard.hooks.subprocess.SubprocessHook","filename":"subprocess.py","lineno":99}
{"timestamp":"2026-04-14T17:29:56.157933Z","level":"info","event":"\u001b[0m17:29:56  1 of 4 OK created sql view model ANALYTICS.stg_forecast ........................ [\u001b[32mSUCCESS 1\u001b[0m in 0.61s]","logger":"airflow.task.hooks.airflow.providers.standard.hooks.subprocess.SubprocessHook","filename":"subprocess.py","lineno":99}
{"timestamp":"2026-04-14T17:29:56.491905Z","level":"info","event":"\u001b[0m17:29:56  2 of 4 OK created sql view model ANALYTICS.stg_wait_times ...................... [\u001b[32mSUCCESS 1\u001b[0m in 0.95s]","logger":"airflow.task.hooks.airflow.providers.standard.hooks.subprocess.SubprocessHook","filename":"subprocess.py","lineno":99}
{"timestamp":"2026-04-14T17:29:56.494690Z","level":"info","event":"\u001b[0m17:29:56  3 of 4 START sql table model ANALYTICS.mart_wait_times_by_park ................. [RUN]","logger":"airflow.task.hooks.airflow.providers.standard.hooks.subprocess.SubprocessHook","filename":"subprocess.py","lineno":99}
{"timestamp":"2026-04-14T17:29:56.495176Z","level":"info","event":"\u001b[0m17:29:56  4 of 4 START sql table model ANALYTICS.mart_wait_times_by_ride ................. [RUN]","logger":"airflow.task.hooks.airflow.providers.standard.hooks.subprocess.SubprocessHook","filename":"subprocess.py","lineno":99}
{"timestamp":"2026-04-14T17:29:58.341391Z","level":"info","event":"\u001b[0m17:29:58  4 of 4 OK created sql table model ANALYTICS.mart_wait_times_by_ride ............ [\u001b[32mSUCCESS 60\u001b[0m in 1.84s]","logger":"airflow.task.hooks.airflow.providers.standard.hooks.subprocess.SubprocessHook","filename":"subprocess.py","lineno":99}
{"timestamp":"2026-04-14T17:29:58.435760Z","level":"info","event":"\u001b[0m17:29:58  3 of 4 OK created sql table model ANALYTICS.mart_wait_times_by_park ............ [\u001b[32mSUCCESS 4\u001b[0m in 1.94s]","logger":"airflow.task.hooks.airflow.providers.standard.hooks.subprocess.SubprocessHook","filename":"subprocess.py","lineno":99}
{"timestamp":"2026-04-14T17:29:59.471712Z","level":"info","event":"\u001b[0m17:29:59","logger":"airflow.task.hooks.airflow.providers.standard.hooks.subprocess.SubprocessHook","filename":"subprocess.py","lineno":99}
{"timestamp":"2026-04-14T17:29:59.472322Z","level":"info","event":"\u001b[0m17:29:59  Finished running 2 table models, 2 view models in 0 hours 0 minutes and 6.09 seconds (6.09s).","logger":"airflow.task.hooks.airflow.providers.standard.hooks.subprocess.SubprocessHook","filename":"subprocess.py","lineno":99}
{"timestamp":"2026-04-14T17:29:59.506077Z","level":"info","event":"\u001b[0m17:29:59","logger":"airflow.task.hooks.airflow.providers.standard.hooks.subprocess.SubprocessHook","filename":"subprocess.py","lineno":99}
{"timestamp":"2026-04-14T17:29:59.506486Z","level":"info","event":"\u001b[0m17:29:59  \u001b[32mCompleted successfully\u001b[0m","logger":"airflow.task.hooks.airflow.providers.standard.hooks.subprocess.SubprocessHook","filename":"subprocess.py","lineno":99}
{"timestamp":"2026-04-14T17:29:59.506791Z","level":"info","event":"\u001b[0m17:29:59","logger":"airflow.task.hooks.airflow.providers.standard.hooks.subprocess.SubprocessHook","filename":"subprocess.py","lineno":99}
{"timestamp":"2026-04-14T17:29:59.507142Z","level":"info","event":"\u001b[0m17:29:59  Done. PASS=4 WARN=0 ERROR=0 SKIP=0 NO-OP=0 TOTAL=4","logger":"airflow.task.hooks.airflow.providers.standard.hooks.subprocess.SubprocessHook","filename":"subprocess.py","lineno":99}
{"timestamp":"2026-04-14T17:30:00.153562Z","level":"info","event":"Command exited with return code 0","logger":"airflow.task.hooks.airflow.providers.standard.hooks.subprocess.SubprocessHook","filename":"subprocess.py","lineno":103}
{"timestamp":"2026-04-14T17:30:00.154974Z","level":"info","event":"Pushing xcom","ti":"RuntimeTaskInstance(id=UUID('019d8d0a-835a-700d-af44-9841c48905a0'), task_id='run_dbt_models', dag_id='theme_park_wait_times', run_id='scheduled__2026-04-14T17:00:00+00:00', try_number=1, dag_version_id=UUID('019d6dd4-969f-7977-bd7b-9e7a21614601'), map_index=-1, hostname='Jeffs-MacBook-Pro.local', context_carrier={}, task=<Task(BashOperator): run_dbt_models>, bundle_instance=LocalDagBundle(name=dags-folder), max_tries=0, start_date=datetime.datetime(2026, 4, 14, 17, 29, 47, 672869, tzinfo=datetime.timezone.utc), end_date=None, state=<TaskInstanceState.RUNNING: 'running'>, is_mapped=False, rendered_map_index=None)","logger":"task","filename":"task_runner.py","lineno":1573}
{"timestamp":"2026-04-14T17:30:00.182461Z","level":"info","event":"Task instance in success state","logger":"task.stdout"}
{"timestamp":"2026-04-14T17:30:00.182584Z","level":"info","event":" Previous state of the Task instance: TaskInstanceState.RUNNING","logger":"task.stdout"}
{"timestamp":"2026-04-14T17:30:00.183410Z","level":"info","event":"Task operator:<Task(BashOperator): run_dbt_models>","logger":"task.stdout"}
