[0m15:44:41.185175 [debug] [MainThread]: Sending event: {'category': 'dbt', 'action': 'invocation', 'label': 'start', 'context': [<snowplow_tracker.self_describing_json.SelfDescribingJson object at 0x10b402f10>, <snowplow_tracker.self_describing_json.SelfDescribingJson object at 0x10b481950>, <snowplow_tracker.self_describing_json.SelfDescribingJson object at 0x10b482350>]}


============================== 15:44:41.190989 | 023d3935-cf17-4e3a-86d8-79e1a555093b ==============================
[0m15:44:41.190989 [info ] [MainThread]: Running with dbt=1.11.7
[0m15:44:41.191787 [debug] [MainThread]: running dbt with arguments {'warn_error': 'None', 'log_path': 'logs', 'profiles_dir': '/Users/jeffboerger/.dbt', 'invocation_command': 'dbt init theme_park_dbt', 'no_print': 'None', 'write_json': 'True', 'log_cache_events': 'False', 'send_anonymous_usage_stats': 'True', 'partial_parse': 'True', 'indirect_selection': 'eager', 'printer_width': '80', 'warn_error_options': 'WarnErrorOptionsV2(error=[], warn=[], silence=[])', 'cache_selected_only': 'False', 'fail_fast': 'False', 'use_colors': 'True', 'log_format': 'default', 'target_path': 'None', 'use_experimental_parser': 'False', 'debug': 'False', 'empty': 'None', 'quiet': 'False', 'version_check': 'True', 'introspect': 'True', 'static_parser': 'True'}
[0m15:44:41.219929 [debug] [MainThread]: Starter project path: /Users/jeffboerger/Dev/theme-park-pipeline/venv/lib/python3.11/site-packages/dbt/include/starter_project
[0m15:44:41.229566 [info ] [MainThread]: 
Your new dbt project "theme_park_dbt" was created!

For more information on how to configure the profiles.yml file,
please consult the dbt documentation here:

  https://docs.getdbt.com/docs/configure-your-profile

One more thing:

Need help? Don't hesitate to reach out to us via GitHub issues or on Slack:

  https://community.getdbt.com/

Happy modeling!

[0m15:44:41.230431 [info ] [MainThread]: Setting up your profile.
[0m15:45:09.827771 [debug] [MainThread]: Snowflake adapter: Setting snowflake.connector to ERROR (file logging only)
[0m15:45:09.828647 [debug] [MainThread]: Snowflake adapter: Setting botocore to ERROR (file logging only)
[0m15:45:09.829232 [debug] [MainThread]: Snowflake adapter: Setting boto3 to ERROR (file logging only)
[0m15:48:49.944846 [info ] [MainThread]: Profile theme_park_dbt written to /Users/jeffboerger/.dbt/profiles.yml using target's profile_template.yml and your supplied values. Run 'dbt debug' to validate the connection.
[0m15:48:49.951384 [debug] [MainThread]: Resource report: {"command_name": "init", "command_success": true, "command_wall_clock_time": 248.85002, "process_in_blocks": "0", "process_kernel_time": 0.454811, "process_mem_max_rss": "127885312", "process_out_blocks": "0", "process_user_time": 1.824202}
[0m15:48:49.953639 [debug] [MainThread]: Command `dbt init` succeeded at 15:48:49.953373 after 248.85 seconds
[0m15:48:49.954159 [debug] [MainThread]: Sending event: {'category': 'dbt', 'action': 'invocation', 'label': 'end', 'context': [<snowplow_tracker.self_describing_json.SelfDescribingJson object at 0x10b463850>, <snowplow_tracker.self_describing_json.SelfDescribingJson object at 0x10b46a050>, <snowplow_tracker.self_describing_json.SelfDescribingJson object at 0x106a1ac10>]}
[0m15:48:49.954640 [debug] [MainThread]: Flushing usage events
[0m15:48:50.196603 [debug] [MainThread]: An error was encountered while trying to flush usage events
