{"timestamp":"2026-04-06T15:31:53.386163Z","level":"info","event":"Stats instance was created in PID 16770 but accessed in PID 16849. Re-initializing.","logger":"airflow.stats","filename":"stats.py","lineno":57}
{"timestamp":"2026-04-06T15:31:53.391761Z","level":"warning","event":"Could not import pandas. Holidays will not be considered.","logger":"airflow.example_dags.plugins.workday","filename":"workday.py","lineno":41}
{"timestamp":"2026-04-06T15:31:53.418499Z","level":"info","event":"DAG bundles loaded: dags-folder, example_dags","logger":"airflow.dag_processing.bundles.manager.DagBundlesManager","filename":"manager.py","lineno":179}
{"timestamp":"2026-04-06T15:31:53.419573Z","level":"info","event":"Filling up the DagBag from /Users/jeffboerger/Dev/theme-park-pipeline/airflow/dags/theme_park_dag.py","logger":"airflow.models.dagbag.BundleDagBag","filename":"dagbag.py","lineno":593}
{"timestamp":"2026-04-06T15:31:54.319747Z","level":"info","event":"Task instance is in running state","logger":"task.stdout"}
{"timestamp":"2026-04-06T15:31:54.319887Z","level":"info","event":" Previous state of the Task instance: TaskInstanceState.QUEUED","logger":"task.stdout"}
{"timestamp":"2026-04-06T15:31:54.320421Z","level":"info","event":"Current task name:ingest_wait_times","logger":"task.stdout"}
{"timestamp":"2026-04-06T15:31:54.320516Z","level":"info","event":"Dag name:theme_park_wait_times","logger":"task.stdout"}
{"timestamp":"2026-04-06T15:31:54.322162Z","level":"info","event":"Pulling Magic Kingdom...","logger":"task.stdout"}
{"timestamp":"2026-04-06T15:31:54.574187Z","level":"info","event":"Pulling EPCOT...","logger":"task.stdout"}
{"timestamp":"2026-04-06T15:31:54.782253Z","level":"info","event":"Pulling Hollywood Studios...","logger":"task.stdout"}
{"timestamp":"2026-04-06T15:31:54.969698Z","level":"info","event":"Pulling Animal Kingdom...","logger":"task.stdout"}
{"timestamp":"2026-04-06T15:31:55.147602Z","level":"info","event":"Snowflake Connector for Python Version: 4.4.0, Python Version: 3.11.15, Platform: macOS-26.4-x86_64-i386-64bit","logger":"snowflake.connector.connection","filename":"connection.py","lineno":620}
{"timestamp":"2026-04-06T15:31:55.148105Z","level":"info","event":"Connecting to GLOBAL Snowflake domain","logger":"snowflake.connector.connection","filename":"connection.py","lineno":1716}
{"timestamp":"2026-04-06T15:32:01.478543Z","level":"info","event":"Inserted 94 wait time rows","logger":"task.stdout"}
{"timestamp":"2026-04-06T15:32:01.479107Z","level":"info","event":"Inserted 796 forecast rows","logger":"task.stdout"}
{"timestamp":"2026-04-06T15:32:01.656481Z","level":"info","event":"Done. Returned value was: None","logger":"airflow.task.operators.airflow.providers.standard.operators.python.PythonOperator","filename":"python.py","lineno":229}
{"timestamp":"2026-04-06T15:32:01.677210Z","level":"info","event":"Task instance in success state","logger":"task.stdout"}
{"timestamp":"2026-04-06T15:32:01.677310Z","level":"info","event":" Previous state of the Task instance: TaskInstanceState.RUNNING","logger":"task.stdout"}
{"timestamp":"2026-04-06T15:32:01.677791Z","level":"info","event":"Task operator:<Task(PythonOperator): ingest_wait_times>","logger":"task.stdout"}
